{
  "RSpec": {
    "coverage": {
      "/home/garrulous-language-9764/tic-tac-toe-rb-online-web-sp-000/lib/tic_tac_toe.rb": [
        1,
        12,
        null,
        11,
        null,
        null,
        null,
        1,
        108,
        108,
        null,
        null,
        1,
        5,
        5,
        5,
        5,
        5,
        null,
        null,
        1,
        12,
        null,
        null,
        1,
        3,
        3,
        null,
        3,
        null,
        null,
        1,
        null,
        null,
        null,
        null,
        null,
        null,
        null,
        null,
        null,
        1,
        57,
        272,
        null,
        null,
        null,
        null,
        null,
        1,
        97,
        null,
        null,
        1,
        17,
        7,
        10,
        10,
        null,
        null,
        null,
        1,
        11,
        8,
        null,
        3,
        null,
        null,
        null,
        1,
        10,
        9,
        null,
        null,
        null,
        1,
        9,
        9,
        9,
        9,
        8,
        null,
        1,
        null,
        0,
        null,
        null,
        1,
        2,
        2,
        18,
        5,
        null,
        null,
        2,
        null,
        null,
        1,
        1,
        1,
        null,
        0,
        null,
        null,
        null,
        1,
        12,
        6,
        null,
        6,
        4,
        4,
        2,
        2,
        null,
        null
      ]
    },
    "timestamp": 1607391844
  }
}
